2025-07-31 20:27:50.301 [info] Started local extension host with pid 4232.
2025-07-31 20:27:52.910 [info] [perf] Render performance baseline is 14ms
2025-07-31 20:27:53.997 [error] Error while getting the latest version for the extension dlasagno.wal-theme. Unexpected token '<', "<!DOCTYPE "... is not valid JSON:
<!DOCTYPE html>
<html lang="en">

<head>
    <title>Open VSX Registry</title>
    <meta charset="UTF-8">
    <meta name="viewport" content="width=device-width, initial-scale=1">
    <link rel="stylesheet" href="https://fonts.googleapis.com/css?family=Roboto:300,400,500,700&display=swap" />

    <!-- Google Tag Manager -->
    <script>(function(w,d,s,l,i){w[l]=w[l]||[];w[l].push({'gtm.start':
    new Date().getTime(),event:'gtm.js'});var f=d.getElementsByTagName(s)[0],
    j=d.createElement(s),dl=l!='dataLayer'?'&l='+l:'';j.async=true;j.src=
    'https://www.googletagmanager.com/gtm.js?id='+i+dl;f.parentNode.insertBefore(j,f);
    })(window,document,'script','dataLayer','GTM-5WLCZXC');</script>

    <!-- Eclipse Cookie Consent -->
    <link rel="stylesheet" type="text/css"
        href="//www.eclipse.org/eclipse.org-common/themes/solstice/public/stylesheets/vendor/cookieconsent/cookieconsent.min.css" />
    <script
        src="//www.eclipse.org/eclipse.org-common/themes/solstice/public/javascript/vendor/cookieconsent/default.min.js">
    </script>
    <style>
        a.cc-btn.cc-allow {
            background-color: #c160ef;
        }
        a.cc-btn.cc-allow:hover, a.cc-btn.cc-allow:focus {
            background-color: #444;
        }
        .cc-revoke {
            display: none !important;
        }
        @media (prefers-color-scheme: dark) {
          body {
            background-color: #121212;
          }
        }
    </style>
</head>

<body>
    <!-- Google Tag Manager (noscript) -->
    <noscript><iframe title="Google Tag Manager" src="https://www.googletagmanager.com/ns.html?id=GTM-5WLCZXC" height="0" width="0" style="display:none;visibility:hidden"></iframe></noscript>
    <!-- End Google Tag Manager (noscript) -->
    <div id="main"></div>
    <script src='/bundle.js' ></script>
</body>

</html>

2025-07-31 20:27:57.826 [error] lock() request could not be registered.: InvalidStateError: lock() request could not be registered.
2025-07-31 20:28:29.674 [error] lock() request could not be registered.: InvalidStateError: lock() request could not be registered.
2025-07-31 20:29:28.097 [error] lock() request could not be registered.: InvalidStateError: lock() request could not be registered.
2025-07-31 20:31:30.701 [error] lock() request could not be registered.: InvalidStateError: lock() request could not be registered.
2025-07-31 20:40:02.106 [error] lock() request could not be registered.: InvalidStateError: lock() request could not be registered.
2025-07-31 20:40:35.111 [error] lock() request could not be registered.: InvalidStateError: lock() request could not be registered.
2025-07-31 20:41:18.657 [error] lock() request could not be registered.: InvalidStateError: lock() request could not be registered.
2025-07-31 20:48:04.729 [error] lock() request could not be registered.: InvalidStateError: lock() request could not be registered.
2025-07-31 20:48:09.426 [error] lock() request could not be registered.: InvalidStateError: lock() request could not be registered.
